<?xml version="1.0" encoding="UTF-8"?>
<!-- Generated by org.testng.reporters.JUnitXMLReporter -->
<testsuite ignored="12" hostname="SOUMYABRATA-NANDI" failures="0" tests="7" name="Test" time="141.549" errors="0" timestamp="2024-11-26T09:41:32 IST">
  <testcase classname="hms.Integration.DoctorSpecialization_Test" name="doctorSpecialization" time="29.43"/>
  <testcase classname="hms.Integration.UpdateDoctorDetails" name="manageDoctor" time="31.502"/>
  <testcase classname="hms.systemTestScript.Addpatient_Test" name="addPatient" time="16.297"/>
  <testcase classname="testScripts.LoginToadminmodule" name="adminLogin" time="7.569"/>
  <testcase classname="hms.systemTestScript.CancelAppoinment_Test" name="cancelAppointmentByUser" time="8.466"/>
  <testcase classname="hms.systemTestScript.CreateDoctorAccount_Test" name="createDoctor_Test" time="28.777"/>
  <testcase classname="testScripts.PatientHomePage" name="login" time="7.467"/>
  <testcase classname="hms.generic.fileutlity.BaseClass" name="@AfterSuite configAS" time="0.0">
    <ignored/>
  </testcase> <!-- @AfterSuite configAS -->
  <testcase classname="hms.generic.fileutlity.BaseClass" name="@AfterSuite configAS" time="0.0">
    <ignored/>
  </testcase> <!-- @AfterSuite configAS -->
  <testcase classname="hms.generic.fileutlity.BaseClass" name="@BeforeSuite configDB" time="0.0">
    <ignored/>
  </testcase> <!-- @BeforeSuite configDB -->
  <testcase classname="hms.generic.fileutlity.BaseClass" name="@AfterSuite configAS" time="0.0">
    <ignored/>
  </testcase> <!-- @AfterSuite configAS -->
  <testcase classname="hms.generic.fileutlity.BaseClass" name="@BeforeSuite configDB" time="0.0">
    <ignored/>
  </testcase> <!-- @BeforeSuite configDB -->
  <testcase classname="hms.generic.fileutlity.BaseClass" name="@AfterSuite configAS" time="0.0">
    <ignored/>
  </testcase> <!-- @AfterSuite configAS -->
  <testcase classname="hms.generic.fileutlity.BaseClass" name="@BeforeSuite configDB" time="0.0">
    <ignored/>
  </testcase> <!-- @BeforeSuite configDB -->
  <testcase classname="hms.generic.fileutlity.BaseClass" name="@BeforeSuite configDB" time="0.0">
    <ignored/>
  </testcase> <!-- @BeforeSuite configDB -->
  <testcase classname="hms.generic.fileutlity.BaseClass" name="@AfterSuite configAS" time="0.0">
    <ignored/>
  </testcase> <!-- @AfterSuite configAS -->
  <testcase classname="hms.generic.fileutlity.BaseClass" name="@BeforeSuite configDB" time="0.0">
    <ignored/>
  </testcase> <!-- @BeforeSuite configDB -->
  <testcase classname="hms.generic.fileutlity.BaseClass" name="@BeforeSuite configDB" time="0.0">
    <ignored/>
  </testcase> <!-- @BeforeSuite configDB -->
  <testcase classname="hms.generic.fileutlity.BaseClass" name="@AfterSuite configAS" time="0.0">
    <ignored/>
  </testcase> <!-- @AfterSuite configAS -->
</testsuite> <!-- Test -->
