<?xml version="1.0" encoding="UTF-8"?>
<!-- Generated by org.testng.reporters.JUnitXMLReporter -->
<testsuite ignored="4" hostname="SOUMYABRATA-NANDI" failures="0" tests="3" name="Test1" time="80.191" errors="0" timestamp="2024-11-26T09:47:49 IST">
  <testcase classname="hms.Integration.DoctorSpecialization_Test" name="doctorSpecialization" time="28.531"/>
  <testcase classname="hms.Integration.UpdateDoctorDetails" name="manageDoctor" time="30.778"/>
  <testcase classname="hms.systemTestScript.Addpatient_Test" name="addPatient" time="15.774"/>
  <testcase classname="hms.generic.fileutlity.BaseClass" name="@AfterSuite configAS" time="0.0">
    <ignored/>
  </testcase> <!-- @AfterSuite configAS -->
  <testcase classname="hms.generic.fileutlity.BaseClass" name="@BeforeSuite configDB" time="0.0">
    <ignored/>
  </testcase> <!-- @BeforeSuite configDB -->
  <testcase classname="hms.generic.fileutlity.BaseClass" name="@AfterSuite configAS" time="0.0">
    <ignored/>
  </testcase> <!-- @AfterSuite configAS -->
  <testcase classname="hms.generic.fileutlity.BaseClass" name="@BeforeSuite configDB" time="0.0">
    <ignored/>
  </testcase> <!-- @BeforeSuite configDB -->
</testsuite> <!-- Test1 -->
